2023-12-22 00:45:02 error: Failed to lookup view "index" in views directory "C:\Users\PC-Diego\OneDrive\Escritorio\Nueva carpeta (3)\ecomerce\views"
2023-12-22 00:49:22 error: Failed to lookup view "index" in views directory "C:\Users\PC-Diego\OneDrive\Escritorio\Nueva carpeta (3)\ecomerce\ecommerce\src\src\views"
2023-12-22 01:39:53 error: No default engine was specified and no extension was provided.
2023-12-22 02:23:50 error: sendMail is not defined
2023-12-22 02:24:20 error: sendMail is not defined
2023-12-22 04:13:41 error: Failed to lookup view "catalog" in views directory "C:\Users\PC-Diego\OneDrive\Escritorio\Nueva carpeta (3)\ecomerce\ecommerce\src\views"
2023-12-22 04:13:48 error: Failed to lookup view "catalog" in views directory "C:\Users\PC-Diego\OneDrive\Escritorio\Nueva carpeta (3)\ecomerce\ecommerce\src\views"
2023-12-22 18:21:34 error: Failed to lookup view "recovery" in views directory "C:\Users\PC-Diego\OneDrive\Escritorio\Nueva carpeta (3)\ecomerce\ecommerce\src\views"
2023-12-25 19:19:27 error: res.cookie(...).send(...) is not a function
2023-12-25 19:20:45 error: res.cookie(...).send(...) is not a function
2023-12-25 19:39:52 error: res.cookie(...).send(...) is not a function
2023-12-25 20:00:32 error: err is not defined
2023-12-25 20:01:16 error: err is not defined
2023-12-25 20:02:07 error: err is not defined
2023-12-25 20:02:43 error: err is not defined
2023-12-26 00:18:47 error: Unknown authentication strategy "jwt"
2023-12-28 18:33:36 error: Unknown authentication strategy "cookieToken"
2023-12-28 18:33:39 error: Unknown authentication strategy "cookieToken"
2023-12-29 00:45:53 error: error en daos users validation failed: first_name: Path `first_name` is required.
2023-12-29 21:55:25 error: error en daos products validation failed: thumbnails: Path `thumbnails` is required., category: Path `category` is required., stock: Path `stock` is required., price: Path `price` is required., description: Path `description` is required., title: Path `title` is required.
2023-12-29 21:57:54 error: error en daos products validation failed: thumbnails: Path `thumbnails` is required., category: Path `category` is required., stock: Path `stock` is required., price: Path `price` is required., description: Path `description` is required., title: Path `title` is required.
2023-12-29 21:59:38 error: error en daos products validation failed: thumbnails: Path `thumbnails` is required., category: Path `category` is required., stock: Path `stock` is required., price: Path `price` is required., description: Path `description` is required., title: Path `title` is required.
2023-12-29 22:03:09 error: error en daos products validation failed: thumbnails: Path `thumbnails` is required., category: Path `category` is required., stock: Path `stock` is required., price: Path `price` is required., description: Path `description` is required., title: Path `title` is required.
2023-12-29 22:03:32 error: error en daos products validation failed: thumbnails: Path `thumbnails` is required., category: Path `category` is required., stock: Path `stock` is required., price: Path `price` is required., description: Path `description` is required., title: Path `title` is required.
2023-12-29 22:28:26 error: Unexpected token } in JSON at position 32
2023-12-29 23:11:50 error: Unexpected token } in JSON at position 53
2023-12-29 23:12:21 error: Unexpected token } in JSON at position 53
2023-12-29 23:13:41 error: Unexpected token } in JSON at position 36
2024-01-04 23:47:57 error: error en daos E11000 duplicate key error collection: ecommerce.products index: title_1 dup key: { title: "Producto 1" }
2024-01-04 23:53:39 error: error en daos E11000 duplicate key error collection: ecommerce.products index: title_1 dup key: { title: "Producto 1" }
2024-01-04 23:54:16 error: error en daos E11000 duplicate key error collection: ecommerce.products index: title_1 dup key: { title: "Producto 1" }
2024-01-05 17:51:09 error: error en daos E11000 duplicate key error collection: ecommerce.products index: title_1 dup key: { title: "Producto 1" }
2024-01-05 17:51:54 error: error en daos E11000 duplicate key error collection: ecommerce.products index: title_1 dup key: { title: "Producto 1" }
2024-01-05 17:52:14 error: error en daos E11000 duplicate key error collection: ecommerce.products index: title_1 dup key: { title: "Producto 1" }
2024-01-05 17:52:31 error: error en daos E11000 duplicate key error collection: ecommerce.products index: title_1 dup key: { title: "Producto 1" }
2024-01-06 01:31:43 error: error en daos E11000 duplicate key error collection: ecommerce.products index: title_1 dup key: { title: "Producto 1" }
2024-01-06 01:32:17 error: error en daos E11000 duplicate key error collection: ecommerce.products index: title_1 dup key: { title: "Producto 1" }
2024-01-06 01:32:36 error: error en daos E11000 duplicate key error collection: ecommerce.products index: title_1 dup key: { title: "Producto 1" }
2024-01-06 01:34:22 error: error en daos E11000 duplicate key error collection: ecommerce.products index: title_1 dup key: { title: "Producto 1" }
2024-01-06 01:49:56 error: error en daos E11000 duplicate key error collection: ecommerce.products index: title_1 dup key: { title: "Producto 1" }
2024-01-06 01:50:43 error: error en daos E11000 duplicate key error collection: ecommerce.products index: title_1 dup key: { title: "Producto 1" }
2024-01-06 01:53:09 error: error en daos E11000 duplicate key error collection: ecommerce.products index: title_1 dup key: { title: "Producto 1" }
2024-01-06 02:06:37 error: error en daos E11000 duplicate key error collection: ecommerce.products index: title_1 dup key: { title: "Producto 1" }
